2024-08-20-1.1.0-Execution Time=3m47.228691981s
2024-08-20-1.1.0-Alloc Memory=1.01 MB
2024-08-20-1.1.0-Total Alloc Memory=48453.47 MB
2024-08-20-1.1.0-Sys Memory=13.31 MB
2024-08-20-1.1.0-Heap Memory=1.01 MB
2024-08-20-1.2.0-Alloc Memory=4.41 MB
2024-08-20-1.2.0-Total Alloc Memory=17939.11 MB
2024-08-20-1.2.0-Sys Memory=13.00 MB
2024-08-20-1.2.0-Execution Time=2m47.891396389s
2024-08-20-1.2.0-Heap Memory=4.41 MB
2024-08-20-1.3.0-Heap Memory=6.64 MB
2024-08-20-1.3.0-Alloc Memory=6.64 MB
2024-08-20-1.3.0-Execution Time=2m46.195528358s
2024-08-20-1.3.0-Total Alloc Memory=17939.16 MB
2024-08-20-1.3.0-Sys Memory=12.75 MB
2024-08-20-1.4.0-Execution Time=2m16.50785728s
2024-08-20-1.4.0-Sys Memory=13.06 MB
2024-08-20-1.4.0-Heap Memory=4.94 MB
2024-08-20-1.4.0-Alloc Memory=4.94 MB
2024-08-20-1.4.0-Total Alloc Memory=17939.17 MB
2024-08-20-1.4.0-Execution Time=2m19.292442845s
2024-08-20-1.4.0-Alloc Memory=4.07 MB
2024-08-20-1.4.0-Total Alloc Memory=17939.17 MB
2024-08-20-1.4.0-Sys Memory=13.31 MB
2024-08-20-1.4.0-Heap Memory=4.07 MB